[2021-07-15 13:53:23,743] {taskinstance.py:876} INFO - Dependencies all met for <TaskInstance: maintest.testtask 2021-07-15T13:53:19.170745+00:00 [queued]>
[2021-07-15 13:53:23,768] {taskinstance.py:876} INFO - Dependencies all met for <TaskInstance: maintest.testtask 2021-07-15T13:53:19.170745+00:00 [queued]>
[2021-07-15 13:53:23,769] {taskinstance.py:1067} INFO - 
--------------------------------------------------------------------------------
[2021-07-15 13:53:23,771] {taskinstance.py:1068} INFO - Starting attempt 1 of 1
[2021-07-15 13:53:23,775] {taskinstance.py:1069} INFO - 
--------------------------------------------------------------------------------
[2021-07-15 13:53:23,799] {taskinstance.py:1087} INFO - Executing <Task(PythonOperator): testtask> on 2021-07-15T13:53:19.170745+00:00
[2021-07-15 13:53:23,812] {standard_task_runner.py:52} INFO - Started process 3457 to run task
[2021-07-15 13:53:23,816] {standard_task_runner.py:76} INFO - Running: ['***', 'tasks', 'run', 'maintest', 'testtask', '2021-07-15T13:53:19.170745+00:00', '--job-id', '413', '--pool', 'default_pool', '--raw', '--subdir', 'DAGS_FOLDER/tablecreation.py', '--cfg-path', '/tmp/tmpi23nnnnf', '--error-file', '/tmp/tmpuwokdsi7']
[2021-07-15 13:53:23,817] {standard_task_runner.py:77} INFO - Job 413: Subtask testtask
[2021-07-15 13:53:23,890] {logging_mixin.py:104} INFO - Running <TaskInstance: maintest.testtask 2021-07-15T13:53:19.170745+00:00 [running]> on host a2cbcfd4d6f4
[2021-07-15 13:53:23,970] {taskinstance.py:1282} INFO - Exporting the following env vars:
AIRFLOW_CTX_DAG_OWNER=***
AIRFLOW_CTX_DAG_ID=maintest
AIRFLOW_CTX_TASK_ID=testtask
AIRFLOW_CTX_EXECUTION_DATE=2021-07-15T13:53:19.170745+00:00
AIRFLOW_CTX_DAG_RUN_ID=manual__2021-07-15T13:53:19.170745+00:00
[2021-07-15 13:53:23,989] {taskinstance.py:1481} ERROR - Task failed with exception
Traceback (most recent call last):
  File "/home/airflow/.local/lib/python3.6/site-packages/airflow/models/taskinstance.py", line 1137, in _run_raw_task
    self._prepare_and_execute_task_with_callbacks(context, task)
  File "/home/airflow/.local/lib/python3.6/site-packages/airflow/models/taskinstance.py", line 1311, in _prepare_and_execute_task_with_callbacks
    result = self._execute_task(context, task_copy)
  File "/home/airflow/.local/lib/python3.6/site-packages/airflow/models/taskinstance.py", line 1341, in _execute_task
    result = task_copy.execute(context=context)
  File "/home/airflow/.local/lib/python3.6/site-packages/airflow/operators/python.py", line 150, in execute
    return_value = self.execute_callable()
  File "/home/airflow/.local/lib/python3.6/site-packages/airflow/operators/python.py", line 161, in execute_callable
    return self.python_callable(*self.op_args, **self.op_kwargs)
  File "/opt/airflow/dags/tablecreation.py", line 26, in select_ticker
    cur.execute("DROP ticker1")
psycopg2.ProgrammingError: syntax error at or near "ticker1"
LINE 1: DROP ticker1
             ^

[2021-07-15 13:53:23,997] {taskinstance.py:1531} INFO - Marking task as FAILED. dag_id=maintest, task_id=testtask, execution_date=20210715T135319, start_date=20210715T135323, end_date=20210715T135323
[2021-07-15 13:53:24,068] {local_task_job.py:151} INFO - Task exited with return code 1
