[2021-07-16 15:18:14,061] {taskinstance.py:876} INFO - Dependencies all met for <TaskInstance: psotgrressdftest.select_ticker 2021-07-16T15:18:10.627752+00:00 [queued]>
[2021-07-16 15:18:14,092] {taskinstance.py:876} INFO - Dependencies all met for <TaskInstance: psotgrressdftest.select_ticker 2021-07-16T15:18:10.627752+00:00 [queued]>
[2021-07-16 15:18:14,093] {taskinstance.py:1067} INFO - 
--------------------------------------------------------------------------------
[2021-07-16 15:18:14,093] {taskinstance.py:1068} INFO - Starting attempt 1 of 1
[2021-07-16 15:18:14,094] {taskinstance.py:1069} INFO - 
--------------------------------------------------------------------------------
[2021-07-16 15:18:14,110] {taskinstance.py:1087} INFO - Executing <Task(PythonOperator): select_ticker> on 2021-07-16T15:18:10.627752+00:00
[2021-07-16 15:18:14,123] {standard_task_runner.py:52} INFO - Started process 3135 to run task
[2021-07-16 15:18:14,129] {standard_task_runner.py:76} INFO - Running: ['***', 'tasks', 'run', 'psotgrressdftest', 'select_ticker', '2021-07-16T15:18:10.627752+00:00', '--job-id', '811', '--pool', 'default_pool', '--raw', '--subdir', 'DAGS_FOLDER/POSTGRESRSERS.py', '--cfg-path', '/tmp/tmp7vj339a8', '--error-file', '/tmp/tmphv7uzmsu']
[2021-07-16 15:18:14,130] {standard_task_runner.py:77} INFO - Job 811: Subtask select_ticker
[2021-07-16 15:18:14,192] {logging_mixin.py:104} INFO - Running <TaskInstance: psotgrressdftest.select_ticker 2021-07-16T15:18:10.627752+00:00 [running]> on host 13346afafa5b
[2021-07-16 15:18:14,283] {taskinstance.py:1282} INFO - Exporting the following env vars:
AIRFLOW_CTX_DAG_OWNER=***
AIRFLOW_CTX_DAG_ID=psotgrressdftest
AIRFLOW_CTX_TASK_ID=select_ticker
AIRFLOW_CTX_EXECUTION_DATE=2021-07-16T15:18:10.627752+00:00
AIRFLOW_CTX_DAG_RUN_ID=manual__2021-07-16T15:18:10.627752+00:00
[2021-07-16 15:18:14,308] {taskinstance.py:1481} ERROR - Task failed with exception
Traceback (most recent call last):
  File "/home/airflow/.local/lib/python3.6/site-packages/airflow/models/taskinstance.py", line 1137, in _run_raw_task
    self._prepare_and_execute_task_with_callbacks(context, task)
  File "/home/airflow/.local/lib/python3.6/site-packages/airflow/models/taskinstance.py", line 1311, in _prepare_and_execute_task_with_callbacks
    result = self._execute_task(context, task_copy)
  File "/home/airflow/.local/lib/python3.6/site-packages/airflow/models/taskinstance.py", line 1341, in _execute_task
    result = task_copy.execute(context=context)
  File "/home/airflow/.local/lib/python3.6/site-packages/airflow/operators/python.py", line 150, in execute
    return_value = self.execute_callable()
  File "/home/airflow/.local/lib/python3.6/site-packages/airflow/operators/python.py", line 161, in execute_callable
    return self.python_callable(*self.op_args, **self.op_kwargs)
  File "/opt/airflow/dags/POSTGRESRSERS.py", line 52, in select_ticker
    print(DagRun.get_state())
TypeError: get_state() missing 1 required positional argument: 'self'
[2021-07-16 15:18:14,323] {taskinstance.py:1531} INFO - Marking task as FAILED. dag_id=psotgrressdftest, task_id=select_ticker, execution_date=20210716T151810, start_date=20210716T151814, end_date=20210716T151814
[2021-07-16 15:18:14,380] {local_task_job.py:151} INFO - Task exited with return code 1
