[2021-07-16 16:14:56,912] {taskinstance.py:876} INFO - Dependencies all met for <TaskInstance: psotgrressdftest.extract_trends 2021-07-16T16:14:38.128259+00:00 [queued]>
[2021-07-16 16:14:57,009] {taskinstance.py:876} INFO - Dependencies all met for <TaskInstance: psotgrressdftest.extract_trends 2021-07-16T16:14:38.128259+00:00 [queued]>
[2021-07-16 16:14:57,014] {taskinstance.py:1067} INFO - 
--------------------------------------------------------------------------------
[2021-07-16 16:14:57,016] {taskinstance.py:1068} INFO - Starting attempt 1 of 1
[2021-07-16 16:14:57,019] {taskinstance.py:1069} INFO - 
--------------------------------------------------------------------------------
[2021-07-16 16:14:57,059] {taskinstance.py:1087} INFO - Executing <Task(PythonOperator): extract_trends> on 2021-07-16T16:14:38.128259+00:00
[2021-07-16 16:14:57,116] {standard_task_runner.py:52} INFO - Started process 6980 to run task
[2021-07-16 16:14:57,136] {standard_task_runner.py:76} INFO - Running: ['***', 'tasks', 'run', 'psotgrressdftest', 'extract_trends', '2021-07-16T16:14:38.128259+00:00', '--job-id', '982', '--pool', 'default_pool', '--raw', '--subdir', 'DAGS_FOLDER/POSTGRESRSERS.py', '--cfg-path', '/tmp/tmp43t_ajqy', '--error-file', '/tmp/tmpzsj3eur9']
[2021-07-16 16:14:57,138] {standard_task_runner.py:77} INFO - Job 982: Subtask extract_trends
[2021-07-16 16:14:57,298] {logging_mixin.py:104} INFO - Running <TaskInstance: psotgrressdftest.extract_trends 2021-07-16T16:14:38.128259+00:00 [running]> on host 13346afafa5b
[2021-07-16 16:14:57,466] {taskinstance.py:1282} INFO - Exporting the following env vars:
AIRFLOW_CTX_DAG_OWNER=***
AIRFLOW_CTX_DAG_ID=psotgrressdftest
AIRFLOW_CTX_TASK_ID=extract_trends
AIRFLOW_CTX_EXECUTION_DATE=2021-07-16T16:14:38.128259+00:00
AIRFLOW_CTX_DAG_RUN_ID=manual__2021-07-16T16:14:31.844660+00:00
[2021-07-16 16:14:57,500] {logging_mixin.py:104} INFO - ['ACCURACY.NS']
[2021-07-16 16:15:18,208] {taskinstance.py:1481} ERROR - Task failed with exception
Traceback (most recent call last):
  File "/home/airflow/.local/lib/python3.6/site-packages/urllib3/connection.py", line 160, in _new_conn
    (self._dns_host, self.port), self.timeout, **extra_kw
  File "/home/airflow/.local/lib/python3.6/site-packages/urllib3/util/connection.py", line 61, in create_connection
    for res in socket.getaddrinfo(host, port, family, socket.SOCK_STREAM):
  File "/usr/local/lib/python3.6/socket.py", line 745, in getaddrinfo
    for res in _socket.getaddrinfo(host, port, family, type, proto, flags):
socket.gaierror: [Errno -3] Temporary failure in name resolution

During handling of the above exception, another exception occurred:

Traceback (most recent call last):
  File "/home/airflow/.local/lib/python3.6/site-packages/urllib3/connectionpool.py", line 677, in urlopen
    chunked=chunked,
  File "/home/airflow/.local/lib/python3.6/site-packages/urllib3/connectionpool.py", line 381, in _make_request
    self._validate_conn(conn)
  File "/home/airflow/.local/lib/python3.6/site-packages/urllib3/connectionpool.py", line 978, in _validate_conn
    conn.connect()
  File "/home/airflow/.local/lib/python3.6/site-packages/urllib3/connection.py", line 309, in connect
    conn = self._new_conn()
  File "/home/airflow/.local/lib/python3.6/site-packages/urllib3/connection.py", line 172, in _new_conn
    self, "Failed to establish a new connection: %s" % e
urllib3.exceptions.NewConnectionError: <urllib3.connection.HTTPSConnection object at 0x7f6add0aa978>: Failed to establish a new connection: [Errno -3] Temporary failure in name resolution

During handling of the above exception, another exception occurred:

Traceback (most recent call last):
  File "/home/airflow/.local/lib/python3.6/site-packages/requests/adapters.py", line 449, in send
    timeout=timeout
  File "/home/airflow/.local/lib/python3.6/site-packages/urllib3/connectionpool.py", line 727, in urlopen
    method, url, error=e, _pool=self, _stacktrace=sys.exc_info()[2]
  File "/home/airflow/.local/lib/python3.6/site-packages/urllib3/util/retry.py", line 446, in increment
    raise MaxRetryError(_pool, url, error or ResponseError(cause))
urllib3.exceptions.MaxRetryError: HTTPSConnectionPool(host='trends.google.com', port=443): Max retries exceeded with url: /?geo=IN (Caused by NewConnectionError('<urllib3.connection.HTTPSConnection object at 0x7f6add0aa978>: Failed to establish a new connection: [Errno -3] Temporary failure in name resolution',))

During handling of the above exception, another exception occurred:

Traceback (most recent call last):
  File "/home/airflow/.local/lib/python3.6/site-packages/airflow/models/taskinstance.py", line 1137, in _run_raw_task
    self._prepare_and_execute_task_with_callbacks(context, task)
  File "/home/airflow/.local/lib/python3.6/site-packages/airflow/models/taskinstance.py", line 1311, in _prepare_and_execute_task_with_callbacks
    result = self._execute_task(context, task_copy)
  File "/home/airflow/.local/lib/python3.6/site-packages/airflow/models/taskinstance.py", line 1341, in _execute_task
    result = task_copy.execute(context=context)
  File "/home/airflow/.local/lib/python3.6/site-packages/airflow/operators/python.py", line 150, in execute
    return_value = self.execute_callable()
  File "/home/airflow/.local/lib/python3.6/site-packages/airflow/operators/python.py", line 161, in execute_callable
    return self.python_callable(*self.op_args, **self.op_kwargs)
  File "/opt/airflow/dags/POSTGRESRSERS.py", line 144, in extract_trends
    pytrends = TrendReq(hl='en-IN', tz=330, geo='IN', )
  File "/home/airflow/.local/lib/python3.6/site-packages/pytrends/request.py", line 58, in __init__
    self.cookies = self.GetGoogleCookie()
  File "/home/airflow/.local/lib/python3.6/site-packages/pytrends/request.py", line 82, in GetGoogleCookie
    **self.requests_args
  File "/home/airflow/.local/lib/python3.6/site-packages/requests/api.py", line 76, in get
    return request('get', url, params=params, **kwargs)
  File "/home/airflow/.local/lib/python3.6/site-packages/requests/api.py", line 61, in request
    return session.request(method=method, url=url, **kwargs)
  File "/home/airflow/.local/lib/python3.6/site-packages/requests/sessions.py", line 542, in request
    resp = self.send(prep, **send_kwargs)
  File "/home/airflow/.local/lib/python3.6/site-packages/requests/sessions.py", line 655, in send
    r = adapter.send(request, **kwargs)
  File "/home/airflow/.local/lib/python3.6/site-packages/requests/adapters.py", line 516, in send
    raise ConnectionError(e, request=request)
requests.exceptions.ConnectionError: HTTPSConnectionPool(host='trends.google.com', port=443): Max retries exceeded with url: /?geo=IN (Caused by NewConnectionError('<urllib3.connection.HTTPSConnection object at 0x7f6add0aa978>: Failed to establish a new connection: [Errno -3] Temporary failure in name resolution',))
[2021-07-16 16:15:18,298] {taskinstance.py:1531} INFO - Marking task as FAILED. dag_id=psotgrressdftest, task_id=extract_trends, execution_date=20210716T161438, start_date=20210716T161456, end_date=20210716T161518
[2021-07-16 16:15:18,659] {local_task_job.py:151} INFO - Task exited with return code 1
