[2021-07-30 14:04:26,137] {taskinstance.py:876} INFO - Dependencies all met for <TaskInstance: psotgrressdftest.select_ticker 2021-07-30T14:04:16.643083+00:00 [queued]>
[2021-07-30 14:04:26,181] {taskinstance.py:876} INFO - Dependencies all met for <TaskInstance: psotgrressdftest.select_ticker 2021-07-30T14:04:16.643083+00:00 [queued]>
[2021-07-30 14:04:26,182] {taskinstance.py:1067} INFO - 
--------------------------------------------------------------------------------
[2021-07-30 14:04:26,183] {taskinstance.py:1068} INFO - Starting attempt 1 of 1
[2021-07-30 14:04:26,184] {taskinstance.py:1069} INFO - 
--------------------------------------------------------------------------------
[2021-07-30 14:04:26,216] {taskinstance.py:1087} INFO - Executing <Task(PythonOperator): select_ticker> on 2021-07-30T14:04:16.643083+00:00
[2021-07-30 14:04:26,242] {standard_task_runner.py:52} INFO - Started process 778 to run task
[2021-07-30 14:04:26,248] {standard_task_runner.py:76} INFO - Running: ['***', 'tasks', 'run', 'psotgrressdftest', 'select_ticker', '2021-07-30T14:04:16.643083+00:00', '--job-id', '2088', '--pool', 'default_pool', '--raw', '--subdir', 'DAGS_FOLDER/POSTGRESRSERS.py', '--cfg-path', '/tmp/tmpov33ambz', '--error-file', '/tmp/tmp49p12g67']
[2021-07-30 14:04:26,249] {standard_task_runner.py:77} INFO - Job 2088: Subtask select_ticker
[2021-07-30 14:04:26,452] {logging_mixin.py:104} INFO - Running <TaskInstance: psotgrressdftest.select_ticker 2021-07-30T14:04:16.643083+00:00 [running]> on host 04be2259e97a
[2021-07-30 14:04:26,562] {taskinstance.py:1282} INFO - Exporting the following env vars:
AIRFLOW_CTX_DAG_OWNER=***
AIRFLOW_CTX_DAG_ID=psotgrressdftest
AIRFLOW_CTX_TASK_ID=select_ticker
AIRFLOW_CTX_EXECUTION_DATE=2021-07-30T14:04:16.643083+00:00
AIRFLOW_CTX_DAG_RUN_ID=manual__2021-07-30T14:04:13.916841+00:00
[2021-07-30 14:04:26,570] {taskinstance.py:1481} ERROR - Task failed with exception
Traceback (most recent call last):
  File "/home/airflow/.local/lib/python3.6/site-packages/airflow/models/taskinstance.py", line 1137, in _run_raw_task
    self._prepare_and_execute_task_with_callbacks(context, task)
  File "/home/airflow/.local/lib/python3.6/site-packages/airflow/models/taskinstance.py", line 1311, in _prepare_and_execute_task_with_callbacks
    result = self._execute_task(context, task_copy)
  File "/home/airflow/.local/lib/python3.6/site-packages/airflow/models/taskinstance.py", line 1341, in _execute_task
    result = task_copy.execute(context=context)
  File "/home/airflow/.local/lib/python3.6/site-packages/airflow/operators/python.py", line 150, in execute
    return_value = self.execute_callable()
  File "/home/airflow/.local/lib/python3.6/site-packages/airflow/operators/python.py", line 161, in execute_callable
    return self.python_callable(*self.op_args, **self.op_kwargs)
  File "/opt/airflow/dags/POSTGRESRSERS.py", line 57, in select_ticker
    completedcount = postgreshook.get("SELECT * FROM stages")
AttributeError: 'PostgresHook' object has no attribute 'get'
[2021-07-30 14:04:26,582] {taskinstance.py:1531} INFO - Marking task as FAILED. dag_id=psotgrressdftest, task_id=select_ticker, execution_date=20210730T140416, start_date=20210730T140426, end_date=20210730T140426
[2021-07-30 14:04:26,741] {local_task_job.py:151} INFO - Task exited with return code 1
