[2021-07-22 13:48:09,587] {taskinstance.py:876} INFO - Dependencies all met for <TaskInstance: psotgrressdftest.select_ticker 2021-07-22T13:46:53.079403+00:00 [queued]>
[2021-07-22 13:48:09,618] {taskinstance.py:876} INFO - Dependencies all met for <TaskInstance: psotgrressdftest.select_ticker 2021-07-22T13:46:53.079403+00:00 [queued]>
[2021-07-22 13:48:09,619] {taskinstance.py:1067} INFO - 
--------------------------------------------------------------------------------
[2021-07-22 13:48:09,620] {taskinstance.py:1068} INFO - Starting attempt 1 of 1
[2021-07-22 13:48:09,620] {taskinstance.py:1069} INFO - 
--------------------------------------------------------------------------------
[2021-07-22 13:48:09,638] {taskinstance.py:1087} INFO - Executing <Task(PythonOperator): select_ticker> on 2021-07-22T13:46:53.079403+00:00
[2021-07-22 13:48:09,649] {standard_task_runner.py:52} INFO - Started process 413 to run task
[2021-07-22 13:48:09,655] {standard_task_runner.py:76} INFO - Running: ['***', 'tasks', 'run', 'psotgrressdftest', 'select_ticker', '2021-07-22T13:46:53.079403+00:00', '--job-id', '2071', '--pool', 'default_pool', '--raw', '--subdir', 'DAGS_FOLDER/POSTGRESRSERS.py', '--cfg-path', '/tmp/tmpjizp_7tu', '--error-file', '/tmp/tmp8rbq4l7h']
[2021-07-22 13:48:09,656] {standard_task_runner.py:77} INFO - Job 2071: Subtask select_ticker
[2021-07-22 13:48:09,720] {logging_mixin.py:104} INFO - Running <TaskInstance: psotgrressdftest.select_ticker 2021-07-22T13:46:53.079403+00:00 [running]> on host 5795a622f846
[2021-07-22 13:48:09,811] {taskinstance.py:1282} INFO - Exporting the following env vars:
AIRFLOW_CTX_DAG_OWNER=***
AIRFLOW_CTX_DAG_ID=psotgrressdftest
AIRFLOW_CTX_TASK_ID=select_ticker
AIRFLOW_CTX_EXECUTION_DATE=2021-07-22T13:46:53.079403+00:00
AIRFLOW_CTX_DAG_RUN_ID=manual__2021-07-22T13:46:48.220956+00:00
[2021-07-22 13:48:09,820] {taskinstance.py:1481} ERROR - Task failed with exception
Traceback (most recent call last):
  File "/home/airflow/.local/lib/python3.6/site-packages/airflow/models/taskinstance.py", line 1137, in _run_raw_task
    self._prepare_and_execute_task_with_callbacks(context, task)
  File "/home/airflow/.local/lib/python3.6/site-packages/airflow/models/taskinstance.py", line 1311, in _prepare_and_execute_task_with_callbacks
    result = self._execute_task(context, task_copy)
  File "/home/airflow/.local/lib/python3.6/site-packages/airflow/models/taskinstance.py", line 1341, in _execute_task
    result = task_copy.execute(context=context)
  File "/home/airflow/.local/lib/python3.6/site-packages/airflow/operators/python.py", line 150, in execute
    return_value = self.execute_callable()
  File "/home/airflow/.local/lib/python3.6/site-packages/airflow/operators/python.py", line 161, in execute_callable
    return self.python_callable(*self.op_args, **self.op_kwargs)
  File "/opt/airflow/dags/POSTGRESRSERS.py", line 57, in select_ticker
    completedcount = postgreshook.get("SELECT * FROM stages")
AttributeError: 'PostgresHook' object has no attribute 'get'
[2021-07-22 13:48:09,832] {taskinstance.py:1531} INFO - Marking task as FAILED. dag_id=psotgrressdftest, task_id=select_ticker, execution_date=20210722T134653, start_date=20210722T134809, end_date=20210722T134809
[2021-07-22 13:48:09,906] {local_task_job.py:151} INFO - Task exited with return code 1
