[2021-07-13 08:58:20,390] {taskinstance.py:876} INFO - Dependencies all met for <TaskInstance: psotgrressdftest.tweets_postgres_table 2021-07-13T07:53:00+00:00 [queued]>
[2021-07-13 08:58:21,332] {taskinstance.py:876} INFO - Dependencies all met for <TaskInstance: psotgrressdftest.tweets_postgres_table 2021-07-13T07:53:00+00:00 [queued]>
[2021-07-13 08:58:21,338] {taskinstance.py:1067} INFO - 
--------------------------------------------------------------------------------
[2021-07-13 08:58:21,339] {taskinstance.py:1068} INFO - Starting attempt 1 of 1
[2021-07-13 08:58:21,340] {taskinstance.py:1069} INFO - 
--------------------------------------------------------------------------------
[2021-07-13 08:58:21,446] {taskinstance.py:1087} INFO - Executing <Task(PythonOperator): tweets_postgres_table> on 2021-07-13T07:53:00+00:00
[2021-07-13 08:58:21,500] {standard_task_runner.py:52} INFO - Started process 116 to run task
[2021-07-13 08:58:21,551] {standard_task_runner.py:76} INFO - Running: ['***', 'tasks', 'run', 'psotgrressdftest', 'tweets_postgres_table', '2021-07-13T07:53:00+00:00', '--job-id', '136', '--pool', 'default_pool', '--raw', '--subdir', 'DAGS_FOLDER/POSTGRESRSERS.py', '--cfg-path', '/tmp/tmp5ncjo0sz', '--error-file', '/tmp/tmplf1bmjxs']
[2021-07-13 08:58:21,580] {standard_task_runner.py:77} INFO - Job 136: Subtask tweets_postgres_table
[2021-07-13 08:58:22,231] {logging_mixin.py:104} INFO - Running <TaskInstance: psotgrressdftest.tweets_postgres_table 2021-07-13T07:53:00+00:00 [running]> on host a2cbcfd4d6f4
[2021-07-13 08:58:22,948] {taskinstance.py:1282} INFO - Exporting the following env vars:
AIRFLOW_CTX_DAG_OWNER=***
AIRFLOW_CTX_DAG_ID=psotgrressdftest
AIRFLOW_CTX_TASK_ID=tweets_postgres_table
AIRFLOW_CTX_EXECUTION_DATE=2021-07-13T07:53:00+00:00
AIRFLOW_CTX_DAG_RUN_ID=scheduled__2021-07-13T07:53:00+00:00
[2021-07-13 08:58:24,321] {taskinstance.py:1481} ERROR - Task failed with exception
Traceback (most recent call last):
  File "/home/airflow/.local/lib/python3.6/site-packages/pandas/core/indexes/base.py", line 2898, in get_loc
    return self._engine.get_loc(casted_key)
  File "pandas/_libs/index.pyx", line 70, in pandas._libs.index.IndexEngine.get_loc
  File "pandas/_libs/index.pyx", line 101, in pandas._libs.index.IndexEngine.get_loc
  File "pandas/_libs/hashtable_class_helper.pxi", line 1675, in pandas._libs.hashtable.PyObjectHashTable.get_item
  File "pandas/_libs/hashtable_class_helper.pxi", line 1683, in pandas._libs.hashtable.PyObjectHashTable.get_item
KeyError: 0

The above exception was the direct cause of the following exception:

Traceback (most recent call last):
  File "/home/airflow/.local/lib/python3.6/site-packages/airflow/models/taskinstance.py", line 1137, in _run_raw_task
    self._prepare_and_execute_task_with_callbacks(context, task)
  File "/home/airflow/.local/lib/python3.6/site-packages/airflow/models/taskinstance.py", line 1311, in _prepare_and_execute_task_with_callbacks
    result = self._execute_task(context, task_copy)
  File "/home/airflow/.local/lib/python3.6/site-packages/airflow/models/taskinstance.py", line 1341, in _execute_task
    result = task_copy.execute(context=context)
  File "/home/airflow/.local/lib/python3.6/site-packages/airflow/operators/python.py", line 150, in execute
    return_value = self.execute_callable()
  File "/home/airflow/.local/lib/python3.6/site-packages/airflow/operators/python.py", line 161, in execute_callable
    return self.python_callable(*self.op_args, **self.op_kwargs)
  File "/opt/airflow/dags/POSTGRESRSERS.py", line 174, in tweets_postgres_table
    df1['compound'] = df1[0].apply(f)
  File "/home/airflow/.local/lib/python3.6/site-packages/pandas/core/frame.py", line 2906, in __getitem__
    indexer = self.columns.get_loc(key)
  File "/home/airflow/.local/lib/python3.6/site-packages/pandas/core/indexes/base.py", line 2900, in get_loc
    raise KeyError(key) from err
KeyError: 0
[2021-07-13 08:58:24,570] {taskinstance.py:1531} INFO - Marking task as FAILED. dag_id=psotgrressdftest, task_id=tweets_postgres_table, execution_date=20210713T075300, start_date=20210713T085820, end_date=20210713T085824
[2021-07-13 08:58:25,234] {local_task_job.py:151} INFO - Task exited with return code 1
