[2021-07-30 14:04:04,652] {taskinstance.py:876} INFO - Dependencies all met for <TaskInstance: psotgrressdftest.select_ticker 2021-07-30T14:04:00.923839+00:00 [queued]>
[2021-07-30 14:04:04,703] {taskinstance.py:876} INFO - Dependencies all met for <TaskInstance: psotgrressdftest.select_ticker 2021-07-30T14:04:00.923839+00:00 [queued]>
[2021-07-30 14:04:04,706] {taskinstance.py:1067} INFO - 
--------------------------------------------------------------------------------
[2021-07-30 14:04:04,707] {taskinstance.py:1068} INFO - Starting attempt 1 of 1
[2021-07-30 14:04:04,708] {taskinstance.py:1069} INFO - 
--------------------------------------------------------------------------------
[2021-07-30 14:04:04,757] {taskinstance.py:1087} INFO - Executing <Task(PythonOperator): select_ticker> on 2021-07-30T14:04:00.923839+00:00
[2021-07-30 14:04:04,800] {standard_task_runner.py:52} INFO - Started process 754 to run task
[2021-07-30 14:04:04,813] {standard_task_runner.py:76} INFO - Running: ['***', 'tasks', 'run', 'psotgrressdftest', 'select_ticker', '2021-07-30T14:04:00.923839+00:00', '--job-id', '2086', '--pool', 'default_pool', '--raw', '--subdir', 'DAGS_FOLDER/POSTGRESRSERS.py', '--cfg-path', '/tmp/tmp9nouvyed', '--error-file', '/tmp/tmp7weh1ngz']
[2021-07-30 14:04:04,817] {standard_task_runner.py:77} INFO - Job 2086: Subtask select_ticker
[2021-07-30 14:04:04,937] {logging_mixin.py:104} INFO - Running <TaskInstance: psotgrressdftest.select_ticker 2021-07-30T14:04:00.923839+00:00 [running]> on host 04be2259e97a
[2021-07-30 14:04:05,088] {taskinstance.py:1282} INFO - Exporting the following env vars:
AIRFLOW_CTX_DAG_OWNER=***
AIRFLOW_CTX_DAG_ID=psotgrressdftest
AIRFLOW_CTX_TASK_ID=select_ticker
AIRFLOW_CTX_EXECUTION_DATE=2021-07-30T14:04:00.923839+00:00
AIRFLOW_CTX_DAG_RUN_ID=manual__2021-07-30T14:03:58.154206+00:00
[2021-07-30 14:04:05,098] {taskinstance.py:1481} ERROR - Task failed with exception
Traceback (most recent call last):
  File "/home/airflow/.local/lib/python3.6/site-packages/airflow/models/taskinstance.py", line 1137, in _run_raw_task
    self._prepare_and_execute_task_with_callbacks(context, task)
  File "/home/airflow/.local/lib/python3.6/site-packages/airflow/models/taskinstance.py", line 1311, in _prepare_and_execute_task_with_callbacks
    result = self._execute_task(context, task_copy)
  File "/home/airflow/.local/lib/python3.6/site-packages/airflow/models/taskinstance.py", line 1341, in _execute_task
    result = task_copy.execute(context=context)
  File "/home/airflow/.local/lib/python3.6/site-packages/airflow/operators/python.py", line 150, in execute
    return_value = self.execute_callable()
  File "/home/airflow/.local/lib/python3.6/site-packages/airflow/operators/python.py", line 161, in execute_callable
    return self.python_callable(*self.op_args, **self.op_kwargs)
  File "/opt/airflow/dags/POSTGRESRSERS.py", line 57, in select_ticker
    completedcount = postgreshook.get("SELECT * FROM stages")
AttributeError: 'PostgresHook' object has no attribute 'get'
[2021-07-30 14:04:05,112] {taskinstance.py:1531} INFO - Marking task as FAILED. dag_id=psotgrressdftest, task_id=select_ticker, execution_date=20210730T140400, start_date=20210730T140404, end_date=20210730T140405
[2021-07-30 14:04:05,182] {local_task_job.py:151} INFO - Task exited with return code 1
